                                                                           88
                                                                           88
                                                                           88
88,dPYba,,adPYba,   ,adPPYba,  8b,dPPYba,   ,adPPYba, 8b       d8  ,adPPYb,88
88P'   "88"    "8a a8"     "8a 88P'   `"8a a8P_____88 `8b     d8' a8"    `Y88
88      88      88 8b       d8 88       88 8PP"""""""  `8b   d8'  8b       88
88      88      88 "8a,   ,a8" 88       88 "8b,   ,aa   `8b,d8'   "8a,   ,d88
88      88      88  `"YbbdP"'  88       88  `"Ybbd8"'     Y88'     `"8bbdP"Y8
                                                          d8'
                                                         d8'
starting moneyd
2018-04-18T16:27:44.854Z connector:route-broadcaster info generated random routing secret.
2018-04-18T16:27:44.867Z connector:accounts info add account. accountId=parent
2018-04-18T16:27:44.870Z connector:accounts warn DEPRECATED: plugin accessed deprecated _log property. accountId=parent
2018-04-18T16:27:44.871Z connector:accounts info add account. accountId=local
2018-04-18T16:27:44.876Z connector:accounts warn DEPRECATED: plugin accessed deprecated _log property. accountId=local
2018-04-18T16:27:44.876Z connector:accounts warn DEPRECATED: plugin accessed deprecated _store property. accountId=local
2018-04-18T16:27:44.877Z connector:accounts warn DEPRECATED: plugin accessed deprecated _store property. accountId=local
2018-04-18T16:27:48.362Z connector:accounts info setting ilp address. oldAddress=unknown newAddress=test.amundsen.bmp.btp18q1xrp.TA4fhNim1sszGUPqTKwoSUcZp80FBXO1dYYqCkqpjCg
2018-04-18T16:27:48.376Z connector:admin-api info listen called
2018-04-18T16:27:48.376Z connector:app info connector ready (republic attitude). address=test.amundsen.bmp.btp18q1xrp.TA4fhNim1sszGUPqTKwoSUcZp80FBXO1dYYqCkqpjCg
2018-04-18T16:27:53.976Z connector:route-builder info constructing next hop packet. sourceAccount=parent sourceAmount=100 destination=test.amundsen.bmp.btp18q1xrp.TA4fhNim1sszGUPqTKwoSUcZp80FBXO1dYYqCkqpjCg.local.IyPvDgpgLs6oZtDcQ8wOUEwEZ3vc1TFCIuAFK379B_I.edf4f1dbe65fba5cdc90fd4f4bb48af8.1O2tCUH3SiA.HHPd3OSTe30GKFbJCoKj0UPY
2018-04-18T16:27:54.689Z connector:route-builder info constructing next hop packet. sourceAccount=parent sourceAmount=100 destination=test.amundsen.bmp.btp18q1xrp.TA4fhNim1sszGUPqTKwoSUcZp80FBXO1dYYqCkqpjCg.local.IyPvDgpgLs6oZtDcQ8wOUEwEZ3vc1TFCIuAFK379B_I.edf4f1dbe65fba5cdc90fd4f4bb48af8.1O2tCUH3SiA.HHPd3OSTe30GKFbJCoKj0UPY
2018-04-18T16:27:55.385Z connector:route-builder info constructing next hop packet. sourceAccount=parent sourceAmount=100 destination=test.amundsen.bmp.btp18q1xrp.TA4fhNim1sszGUPqTKwoSUcZp80FBXO1dYYqCkqpjCg.local.IyPvDgpgLs6oZtDcQ8wOUEwEZ3vc1TFCIuAFK379B_I.edf4f1dbe65fba5cdc90fd4f4bb48af8.1O2tCUH3SiA.HHPd3OSTe30GKFbJCoKj0UPY
2018-04-18T16:27:56.061Z connector:route-builder info constructing next hop packet. sourceAccount=parent sourceAmount=100 destination=test.amundsen.bmp.btp18q1xrp.TA4fhNim1sszGUPqTKwoSUcZp80FBXO1dYYqCkqpjCg.local.IyPvDgpgLs6oZtDcQ8wOUEwEZ3vc1TFCIuAFK379B_I.edf4f1dbe65fba5cdc90fd4f4bb48af8.1O2tCUH3SiA.HHPd3OSTe30GKFbJCoKj0UPY
2018-04-18T16:27:56.748Z connector:route-builder info constructing next hop packet. sourceAccount=parent sourceAmount=100 destination=test.amundsen.bmp.btp18q1xrp.TA4fhNim1sszGUPqTKwoSUcZp80FBXO1dYYqCkqpjCg.local.IyPvDgpgLs6oZtDcQ8wOUEwEZ3vc1TFCIuAFK379B_I.edf4f1dbe65fba5cdc90fd4f4bb48af8.1O2tCUH3SiA.HHPd3OSTe30GKFbJCoKj0UPY
2018-04-18T16:27:57.427Z connector:route-builder info constructing next hop packet. sourceAccount=parent sourceAmount=100 destination=test.amundsen.bmp.btp18q1xrp.TA4fhNim1sszGUPqTKwoSUcZp80FBXO1dYYqCkqpjCg.local.IyPvDgpgLs6oZtDcQ8wOUEwEZ3vc1TFCIuAFK379B_I.edf4f1dbe65fba5cdc90fd4f4bb48af8.1O2tCUH3SiA.HHPd3OSTe30GKFbJCoKj0UPY
2018-04-18T16:27:58.110Z connector:route-builder info constructing next hop packet. sourceAccount=parent sourceAmount=100 destination=test.amundsen.bmp.btp18q1xrp.TA4fhNim1sszGUPqTKwoSUcZp80FBXO1dYYqCkqpjCg.local.IyPvDgpgLs6oZtDcQ8wOUEwEZ3vc1TFCIuAFK379B_I.edf4f1dbe65fba5cdc90fd4f4bb48af8.1O2tCUH3SiA.HHPd3OSTe30GKFbJCoKj0UPY
2018-04-18T16:27:58.792Z connector:route-builder info constructing next hop packet. sourceAccount=parent sourceAmount=100 destination=test.amundsen.bmp.btp18q1xrp.TA4fhNim1sszGUPqTKwoSUcZp80FBXO1dYYqCkqpjCg.local.IyPvDgpgLs6oZtDcQ8wOUEwEZ3vc1TFCIuAFK379B_I.edf4f1dbe65fba5cdc90fd4f4bb48af8.1O2tCUH3SiA.HHPd3OSTe30GKFbJCoKj0UPY
2018-04-18T16:27:59.474Z connector:route-builder info constructing next hop packet. sourceAccount=parent sourceAmount=100 destination=test.amundsen.bmp.btp18q1xrp.TA4fhNim1sszGUPqTKwoSUcZp80FBXO1dYYqCkqpjCg.local.IyPvDgpgLs6oZtDcQ8wOUEwEZ3vc1TFCIuAFK379B_I.edf4f1dbe65fba5cdc90fd4f4bb48af8.1O2tCUH3SiA.HHPd3OSTe30GKFbJCoKj0UPY
2018-04-18T16:28:00.154Z connector:route-builder info constructing next hop packet. sourceAccount=parent sourceAmount=100 destination=test.amundsen.bmp.btp18q1xrp.TA4fhNim1sszGUPqTKwoSUcZp80FBXO1dYYqCkqpjCg.local.IyPvDgpgLs6oZtDcQ8wOUEwEZ3vc1TFCIuAFK379B_I.edf4f1dbe65fba5cdc90fd4f4bb48af8.1O2tCUH3SiA.HHPd3OSTe30GKFbJCoKj0UPY
2018-04-18T16:28:00.833Z connector:route-builder info constructing next hop packet. sourceAccount=parent sourceAmount=100 destination=test.amundsen.bmp.btp18q1xrp.TA4fhNim1sszGUPqTKwoSUcZp80FBXO1dYYqCkqpjCg.local.IyPvDgpgLs6oZtDcQ8wOUEwEZ3vc1TFCIuAFK379B_I.edf4f1dbe65fba5cdc90fd4f4bb48af8.1O2tCUH3SiA.HHPd3OSTe30GKFbJCoKj0UPY
2018-04-18T16:28:02.573Z connector:route-builder info constructing next hop packet. sourceAccount=parent sourceAmount=100 destination=test.amundsen.bmp.btp18q1xrp.TA4fhNim1sszGUPqTKwoSUcZp80FBXO1dYYqCkqpjCg.local.IyPvDgpgLs6oZtDcQ8wOUEwEZ3vc1TFCIuAFK379B_I.edf4f1dbe65fba5cdc90fd4f4bb48af8.1O2tCUH3SiA.HHPd3OSTe30GKFbJCoKj0UPY
2018-04-18T16:28:03.256Z connector:route-builder info constructing next hop packet. sourceAccount=parent sourceAmount=100 destination=test.amundsen.bmp.btp18q1xrp.TA4fhNim1sszGUPqTKwoSUcZp80FBXO1dYYqCkqpjCg.local.IyPvDgpgLs6oZtDcQ8wOUEwEZ3vc1TFCIuAFK379B_I.edf4f1dbe65fba5cdc90fd4f4bb48af8.1O2tCUH3SiA.HHPd3OSTe30GKFbJCoKj0UPY
2018-04-18T16:28:03.935Z connector:route-builder info constructing next hop packet. sourceAccount=parent sourceAmount=100 destination=test.amundsen.bmp.btp18q1xrp.TA4fhNim1sszGUPqTKwoSUcZp80FBXO1dYYqCkqpjCg.local.IyPvDgpgLs6oZtDcQ8wOUEwEZ3vc1TFCIuAFK379B_I.6d4c5d7a3c6d6d2a11bd7d1b49de03d0.1O2tCUH3SiA.iL1D6uVw4wq3DKuKwUGrB4Bx
2018-04-18T16:28:04.615Z connector:route-builder info constructing next hop packet. sourceAccount=parent sourceAmount=100 destination=test.amundsen.bmp.btp18q1xrp.TA4fhNim1sszGUPqTKwoSUcZp80FBXO1dYYqCkqpjCg.local.IyPvDgpgLs6oZtDcQ8wOUEwEZ3vc1TFCIuAFK379B_I.6d4c5d7a3c6d6d2a11bd7d1b49de03d0.1O2tCUH3SiA.iL1D6uVw4wq3DKuKwUGrB4Bx
2018-04-18T16:28:05.305Z connector:route-builder info constructing next hop packet. sourceAccount=parent sourceAmount=100 destination=test.amundsen.bmp.btp18q1xrp.TA4fhNim1sszGUPqTKwoSUcZp80FBXO1dYYqCkqpjCg.local.IyPvDgpgLs6oZtDcQ8wOUEwEZ3vc1TFCIuAFK379B_I.6d4c5d7a3c6d6d2a11bd7d1b49de03d0.1O2tCUH3SiA.iL1D6uVw4wq3DKuKwUGrB4Bx
2018-04-18T16:28:05.979Z connector:route-builder info constructing next hop packet. sourceAccount=parent sourceAmount=100 destination=test.amundsen.bmp.btp18q1xrp.TA4fhNim1sszGUPqTKwoSUcZp80FBXO1dYYqCkqpjCg.local.IyPvDgpgLs6oZtDcQ8wOUEwEZ3vc1TFCIuAFK379B_I.6d4c5d7a3c6d6d2a11bd7d1b49de03d0.1O2tCUH3SiA.iL1D6uVw4wq3DKuKwUGrB4Bx
2018-04-18T16:28:06.655Z connector:route-builder info constructing next hop packet. sourceAccount=parent sourceAmount=100 destination=test.amundsen.bmp.btp18q1xrp.TA4fhNim1sszGUPqTKwoSUcZp80FBXO1dYYqCkqpjCg.local.IyPvDgpgLs6oZtDcQ8wOUEwEZ3vc1TFCIuAFK379B_I.6d4c5d7a3c6d6d2a11bd7d1b49de03d0.1O2tCUH3SiA.iL1D6uVw4wq3DKuKwUGrB4Bx
